-----------
binary: 0x000 - 0xd1 - UNKNOWN_0xd1
0x001 - 0x00 - UNKNOWN_0x0
0x002 - 0x00 - UNKNOWN_0x0
0x003 - 0x00 - UNKNOWN_0x0
0x004 - 0x1008000000 - sw_to_imm_addr 0x00000008
0x009 - 0x0100000000 - push_imm 0x00000000
0x00e - 0x100c000000 - sw_to_imm_addr 0x0000000C
0x013 - 0x0101000000 - push_imm 0x00000001
0x018 - 0x1010000000 - sw_to_imm_addr 0x00000010
0x01d - 0x0100000000 - push_imm 0x00000000
0x022 - 0x0100000000 - push_imm 0x00000000
0x027 - 0x30 - over
0x028 - 0x08 - dup
0x029 - 0x0210000000 - lw_from_imm_addr 0x00000010
0x02e - 0x30 - over
0x02f - 0x21 - -
0x030 - 0x4302000000 - if 0x00000002
0x035 - 0x0101000000 - push_imm 0x00000001
0x03a - 0x4001000000 - jmp 0x00000001
0x03f - 0x0100000000 - push_imm 0x00000000
0x044 - 0x4316000000 - if 0x00000016
0x049 - 0x30 - over
0x04a - 0x0200000000 - lw_from_imm_addr 0x00000000
0x04f - 0x06 - load_T_a_pop
0x050 - 0x03 - lw_from_a_addr
0x051 - 0x08 - dup
0x052 - 0x1010000000 - sw_to_imm_addr 0x00000010
0x057 - 0x0208000000 - lw_from_imm_addr 0x00000008
0x05c - 0x06 - load_T_a_pop
0x05d - 0x11 - sw_to_a_addr
0x05e - 0x0208000000 - lw_from_imm_addr 0x00000008
0x063 - 0x0104000000 - push_imm 0x00000004
0x068 - 0x20 - +
0x069 - 0x1008000000 - sw_to_imm_addr 0x00000008
0x06e - 0x0101000000 - push_imm 0x00000001
0x073 - 0x020c000000 - lw_from_imm_addr 0x0000000C
0x078 - 0x20 - +
0x079 - 0x100c000000 - sw_to_imm_addr 0x0000000C
0x07e - 0x08 - dup
0x07f - 0x0210000000 - lw_from_imm_addr 0x00000010
0x084 - 0x20 - +
0x085 - 0x1010000000 - sw_to_imm_addr 0x00000010
0x08a - 0x40e0ffffff - jmp 0xFFFFFFE0
0x08f - 0x16 - pop
0x090 - 0x16 - pop
0x091 - 0x0101000000 - push_imm 0x00000001
0x096 - 0x020c000000 - lw_from_imm_addr 0x0000000C
0x09b - 0x21 - -
0x09c - 0x42 - ret
0x09d - 0x1014000000 - sw_to_imm_addr 0x00000014
0x0a2 - 0x0101000000 - push_imm 0x00000001
0x0a7 - 0x1018000000 - sw_to_imm_addr 0x00000018
0x0ac - 0x0100000000 - push_imm 0x00000000
0x0b1 - 0x0100000000 - push_imm 0x00000000
0x0b6 - 0x30 - over
0x0b7 - 0x08 - dup
0x0b8 - 0x0218000000 - lw_from_imm_addr 0x00000018
0x0bd - 0x30 - over
0x0be - 0x21 - -
0x0bf - 0x4302000000 - if 0x00000002
0x0c4 - 0x0101000000 - push_imm 0x00000001
0x0c9 - 0x4001000000 - jmp 0x00000001
0x0ce - 0x0100000000 - push_imm 0x00000000
0x0d3 - 0x431b000000 - if 0x0000001B
0x0d8 - 0x30 - over
0x0d9 - 0x0214000000 - lw_from_imm_addr 0x00000014
0x0de - 0x06 - load_T_a_pop
0x0df - 0x03 - lw_from_a_addr
0x0e0 - 0x08 - dup
0x0e1 - 0x08 - dup
0x0e2 - 0x1018000000 - sw_to_imm_addr 0x00000018
0x0e7 - 0x0100000000 - push_imm 0x00000000
0x0ec - 0x21 - -
0x0ed - 0x4302000000 - if 0x00000002
0x0f2 - 0x0100000000 - push_imm 0x00000000
0x0f7 - 0x4001000000 - jmp 0x00000001
0x0fc - 0x0101000000 - push_imm 0x00000001
0x101 - 0x4301000000 - if 0x00000001
0x106 - 0x4007000000 - jmp 0x00000007
0x10b - 0x0204000000 - lw_from_imm_addr 0x00000004
0x110 - 0x06 - load_T_a_pop
0x111 - 0x11 - sw_to_a_addr
0x112 - 0x0214000000 - lw_from_imm_addr 0x00000014
0x117 - 0x0104000000 - push_imm 0x00000004
0x11c - 0x20 - +
0x11d - 0x1014000000 - sw_to_imm_addr 0x00000014
0x122 - 0x08 - dup
0x123 - 0x0218000000 - lw_from_imm_addr 0x00000018
0x128 - 0x20 - +
0x129 - 0x1018000000 - sw_to_imm_addr 0x00000018
0x12e - 0x40dbffffff - jmp 0xFFFFFFDB
0x133 - 0x16 - pop
0x134 - 0x16 - pop
0x135 - 0x42 - ret
0x136 - 0x0204000000 - lw_from_imm_addr 0x00000004
0x13b - 0x06 - load_T_a_pop
0x13c - 0x11 - sw_to_a_addr
0x13d - 0x42 - ret
0x13e - 0x0200000000 - lw_from_imm_addr 0x00000000
0x143 - 0x06 - load_T_a_pop
0x144 - 0x03 - lw_from_a_addr
0x145 - 0x42 - ret
0x146 - 0x0100000000 - push_imm 0x00000000
0x14b - 0x1028000000 - sw_to_imm_addr 0x00000028
0x150 - 0x0100000000 - push_imm 0x00000000
0x155 - 0x102c000000 - sw_to_imm_addr 0x0000002C
0x15a - 0x0100000000 - push_imm 0x00000000
0x15f - 0x1030000000 - sw_to_imm_addr 0x00000030
0x164 - 0x0224000000 - lw_from_imm_addr 0x00000024
0x169 - 0x0101000000 - push_imm 0x00000001
0x16e - 0x30 - over
0x16f - 0x08 - dup
0x170 - 0x0230000000 - lw_from_imm_addr 0x00000030
0x175 - 0x30 - over
0x176 - 0x21 - -
0x177 - 0x01ffffffff - push_imm 0xFFFFFFFF
0x17c - 0x20 - +
0x17d - 0x4402000000 - -if 0x00000002
0x182 - 0x0100000000 - push_imm 0x00000000
0x187 - 0x4001000000 - jmp 0x00000001
0x18c - 0x0101000000 - push_imm 0x00000001
0x191 - 0x4358000000 - if 0x00000058
0x196 - 0x30 - over
0x197 - 0x0101000000 - push_imm 0x00000001
0x19c - 0x0230000000 - lw_from_imm_addr 0x00000030
0x1a1 - 0x0224000000 - lw_from_imm_addr 0x00000024
0x1a6 - 0x21 - -
0x1a7 - 0x21 - -
0x1a8 - 0x1028000000 - sw_to_imm_addr 0x00000028
0x1ad - 0x0100000000 - push_imm 0x00000000
0x1b2 - 0x1034000000 - sw_to_imm_addr 0x00000034
0x1b7 - 0x0228000000 - lw_from_imm_addr 0x00000028
0x1bc - 0x0101000000 - push_imm 0x00000001
0x1c1 - 0x30 - over
0x1c2 - 0x08 - dup
0x1c3 - 0x0234000000 - lw_from_imm_addr 0x00000034
0x1c8 - 0x30 - over
0x1c9 - 0x21 - -
0x1ca - 0x01ffffffff - push_imm 0xFFFFFFFF
0x1cf - 0x20 - +
0x1d0 - 0x4402000000 - -if 0x00000002
0x1d5 - 0x0100000000 - push_imm 0x00000000
0x1da - 0x4001000000 - jmp 0x00000001
0x1df - 0x0101000000 - push_imm 0x00000001
0x1e4 - 0x433a000000 - if 0x0000003A
0x1e9 - 0x30 - over
0x1ea - 0x0234000000 - lw_from_imm_addr 0x00000034
0x1ef - 0x0104000000 - push_imm 0x00000004
0x1f4 - 0x22 - *
0x1f5 - 0x102c000000 - sw_to_imm_addr 0x0000002C
0x1fa - 0x0220000000 - lw_from_imm_addr 0x00000020
0x1ff - 0x022c000000 - lw_from_imm_addr 0x0000002C
0x204 - 0x20 - +
0x205 - 0x06 - load_T_a_pop
0x206 - 0x03 - lw_from_a_addr
0x207 - 0x0220000000 - lw_from_imm_addr 0x00000020
0x20c - 0x022c000000 - lw_from_imm_addr 0x0000002C
0x211 - 0x0104000000 - push_imm 0x00000004
0x216 - 0x20 - +
0x217 - 0x20 - +
0x218 - 0x06 - load_T_a_pop
0x219 - 0x03 - lw_from_a_addr
0x21a - 0x21 - -
0x21b - 0x26 - not
0x21c - 0x2a - inc
0x21d - 0x01ffffffff - push_imm 0xFFFFFFFF
0x222 - 0x20 - +
0x223 - 0x4402000000 - -if 0x00000002
0x228 - 0x0100000000 - push_imm 0x00000000
0x22d - 0x4001000000 - jmp 0x00000001
0x232 - 0x0101000000 - push_imm 0x00000001
0x237 - 0x431a000000 - if 0x0000001A
0x23c - 0x0220000000 - lw_from_imm_addr 0x00000020
0x241 - 0x022c000000 - lw_from_imm_addr 0x0000002C
0x246 - 0x20 - +
0x247 - 0x06 - load_T_a_pop
0x248 - 0x03 - lw_from_a_addr
0x249 - 0x0220000000 - lw_from_imm_addr 0x00000020
0x24e - 0x022c000000 - lw_from_imm_addr 0x0000002C
0x253 - 0x0104000000 - push_imm 0x00000004
0x258 - 0x20 - +
0x259 - 0x20 - +
0x25a - 0x06 - load_T_a_pop
0x25b - 0x03 - lw_from_a_addr
0x25c - 0x30 - over
0x25d - 0x0220000000 - lw_from_imm_addr 0x00000020
0x262 - 0x022c000000 - lw_from_imm_addr 0x0000002C
0x267 - 0x0104000000 - push_imm 0x00000004
0x26c - 0x20 - +
0x26d - 0x20 - +
0x26e - 0x06 - load_T_a_pop
0x26f - 0x11 - sw_to_a_addr
0x270 - 0x0220000000 - lw_from_imm_addr 0x00000020
0x275 - 0x022c000000 - lw_from_imm_addr 0x0000002C
0x27a - 0x20 - +
0x27b - 0x06 - load_T_a_pop
0x27c - 0x11 - sw_to_a_addr
0x27d - 0x4000000000 - jmp 0x00000000
0x282 - 0x08 - dup
0x283 - 0x0234000000 - lw_from_imm_addr 0x00000034
0x288 - 0x20 - +
0x289 - 0x1034000000 - sw_to_imm_addr 0x00000034
0x28e - 0x40baffffff - jmp 0xFFFFFFBA
0x293 - 0x16 - pop
0x294 - 0x16 - pop
0x295 - 0x08 - dup
0x296 - 0x0230000000 - lw_from_imm_addr 0x00000030
0x29b - 0x20 - +
0x29c - 0x1030000000 - sw_to_imm_addr 0x00000030
0x2a1 - 0x409cffffff - jmp 0xFFFFFF9C
0x2a6 - 0x16 - pop
0x2a7 - 0x16 - pop
0x2a8 - 0x42 - ret
0x2a9 - 0x0220000000 - lw_from_imm_addr 0x00000020
0x2ae - 0x412dffffff - call 0xFFFFFF2D
0x2b3 - 0x1024000000 - sw_to_imm_addr 0x00000024
0x2b8 - 0x418dffffff - call 0xFFFFFF8D
0x2bd - 0x0220000000 - lw_from_imm_addr 0x00000020
0x2c2 - 0x4156ffffff - call 0xFFFFFF56
0x2c7 - 0x45 - halt
-----------
Command: pop
Step-by-step: tick: 1 || microcode - cpu: pop_stack || A: 0x0 || B: 0x0 
data stack: [0, 0, 0, 0, 0, 0, 0, 0, 0, 0, 0, 0, 0]
Command: pop
Step-by-step: tick: 2 || microcode - cpu: pop_stack || A: 0x0 || B: 0x0 
data stack: [0, 0, 0, 0, 0, 0, 0, 0, 0, 0, 0, 0, 0]
Command: ret
Step-by-step: tick: 3 || microcode - cpu: restore_pc || A: 0x0 || B: 0x0 
data stack: [0, 0, 0, 0, 0, 0, 0, 0, 0, 0, 0, 0, 0]
